Arguments: 
  C:\Program Files\nodejs\node.exe C:\Users\velve\AppData\Roaming\npm\node_modules\yarn\bin\yarn.js init -y

PATH: 
  C:\Users\velve\bin;C:\Program Files\Git\mingw64\bin;C:\Program Files\Git\usr\local\bin;C:\Program Files\Git\usr\bin;C:\Program Files\Git\usr\bin;C:\Program Files\Git\mingw64\bin;C:\Program Files\Git\usr\bin;C:\Users\velve\bin;C:\Program Files (x86)\VMware\VMware Workstation\bin;C:\Program Files\Common Files\Oracle\Java\javapath;C:\Program Files (x86)\Common Files\Oracle\Java\javapath;C:\Python310\Scripts;C:\Python310;C:\Windows\system32;C:\Windows;C:\Windows\System32\Wbem;C:\Windows\System32\WindowsPowerShell\v1.0;C:\Windows\System32\OpenSSH;C:\Program Files\nodejs;C:\ProgramData\chocolatey\bin;C:\Program Files\Git\cmd;C:\Program Files\Calibre2;C:\Program Files\dotnet;C:\Program Files\Docker\Docker\resources\bin;C:\ProgramData\DockerDesktop\version-bin;C:\Program Files\Go\bin;C:\Program Files\PowerShell\7;C:\Users\velve\.cargo\bin;C:\Users\velve\AppData\Local\Microsoft\WindowsApps;C:\Users\velve\AppData\Roaming\npm;C:\Users\velve\AppData\Local\Programs\Microsoft VS Code\bin;C:\msys64\mingw64\bin;C:\Program Files\Java\jre1.8.0_321\bin;C:\Program Files\Android\Android Studio\jre\bin;C:\Users\velve\AppData\Local\Android\Sdk\platform-tools;C:\Program Files\Java\jdk-18\bin;D:\scrcpy-win64-v1.23;D:\mw\Flipper-win;C:\Users\velve\go\bin;C:\Go\bin;C:\Program Files\Git\usr\bin\vendor_perl;C:\Program Files\Git\usr\bin\core_perl

Yarn version: 
  1.22.18

Node version: 
  16.13.2

Platform: 
  win32 x64

Trace: 
  SyntaxError: D:\meme-pot\bot\package.json: Unexpected end of JSON input
      at JSON.parse (<anonymous>)
      at C:\Users\velve\AppData\Roaming\npm\node_modules\yarn\lib\cli.js:1625:59
      at Generator.next (<anonymous>)
      at step (C:\Users\velve\AppData\Roaming\npm\node_modules\yarn\lib\cli.js:310:30)
      at C:\Users\velve\AppData\Roaming\npm\node_modules\yarn\lib\cli.js:321:13

npm manifest: 
  

yarn manifest: 
  No manifest

Lockfile: 
  No lockfile
